v8-version,8,4,371,19,-node.18,0
new,CodeRange,0x14b4c5954000,134217728
new,MemoryChunk,0x168dc1440000,262144
new,MemoryChunk,0x112e66600000,262144
new,MemoryChunk,0xc49f8340000,262144
new,MemoryChunk,0x39d585c00000,262144
new,MemoryChunk,0x31b313a00000,262144
heap-capacity,1047424
heap-available,2198710016
new,MemoryChunk,0x202ca33c0000,262144
new,MemoryChunk,0x14b4c5980000,262144
new,MemoryChunk,0x2fd7cfa00000,262144
new,MemoryChunk,0x214a30a40000,262144
new,MemoryChunk,0xdccbc880000,262144
new,MemoryChunk,0x19b25e780000,262144
new,MemoryChunk,0x14b4c59c0000,262144
new,MemoryChunk,0x736da540000,262144
new,MemoryChunk,0xca80d540000,262144
new,MemoryChunk,0x2caab0cc0000,135168
new,MemoryChunk,0x167ed0200000,262144
new,MemoryChunk,0x3c00f4c80000,262144
new,MemoryChunk,0x3c1d0df00000,262144
new,MemoryChunk,0x3e953b300000,262144
new,MemoryChunk,0x1fc6c8d40000,262144
scavenge,begin,0,72398,1614532995432
scavenge,end,0,74081,1614532995433
new,MemoryChunk,0x4daf8e00000,262144
new,MemoryChunk,0x1c9d8f3c0000,262144
new,MemoryChunk,0x373831540000,262144
new,MemoryChunk,0x36a383dc0000,262144
scavenge,begin,0,122394,1614532995494
new,MemoryChunk,0x367a98640000,262144
new,MemoryChunk,0x24270d780000,262144
new,MemoryChunk,0x27efaf240000,262144
scavenge,end,0,125347,1614532995496
new,MemoryChunk,0x12650b880000,262144
new,MemoryChunk,0x3cbf11b40000,262144
new,MemoryChunk,0x19c94e5c0000,262144
new,MemoryChunk,0x38bd28cc0000,262144
new,MemoryChunk,0x228e60340000,262144
new,MemoryChunk,0x12d8c6ac0000,262144
new,MemoryChunk,0x165647a00000,262144
new,MemoryChunk,0xb0b70580000,262144
markcompact,begin,0,165343,1614533003633
markcompact,end,0,168209,1614533003635
delete,MemoryChunk,0xb0b70580000
delete,MemoryChunk,0x165647a00000
delete,MemoryChunk,0x12d8c6ac0000
delete,MemoryChunk,0x228e60340000
delete,MemoryChunk,0x38bd28cc0000
delete,MemoryChunk,0x19c94e5c0000
delete,MemoryChunk,0x3cbf11b40000
delete,MemoryChunk,0x12650b880000
delete,MemoryChunk,0x112e66600000
delete,MemoryChunk,0xc49f8340000
delete,MemoryChunk,0x39d585c00000
delete,MemoryChunk,0x31b313a00000
markcompact,begin,0,181367,1614533004243
new,MemoryChunk,0xfd3d8940000,262144
new,MemoryChunk,0x38c844bc0000,262144
new,MemoryChunk,0x2163457c0000,262144
new,MemoryChunk,0x2337a6040000,262144
delete,MemoryChunk,0x167ed0200000
delete,MemoryChunk,0xca80d540000
delete,MemoryChunk,0x736da540000
delete,MemoryChunk,0x19b25e780000
delete,MemoryChunk,0x373831540000
delete,MemoryChunk,0x4daf8e00000
delete,MemoryChunk,0x367a98640000
markcompact,end,0,189912,1614533004249
delete,MemoryChunk,0x3c00f4c80000
delete,MemoryChunk,0x3c1d0df00000
delete,MemoryChunk,0x3e953b300000
delete,MemoryChunk,0x1fc6c8d40000
new,MemoryChunk,0xa3dbf780000,262144
